0 info it worked if it ends with ok
1 verbose cli [ 'node',
1 verbose cli   '/usr/local/bin/npm',
1 verbose cli   'install',
1 verbose cli   '-g',
1 verbose cli   'ios-deploynpm',
1 verbose cli   'install',
1 verbose cli   '-g',
1 verbose cli   'ios-deploy' ]
2 info using npm@1.4.28
3 info using node@v0.10.35
4 verbose cache add [ 'ios-deploynpm', null ]
5 verbose cache add name=undefined spec="ios-deploynpm" args=["ios-deploynpm",null]
6 verbose parsed url { protocol: null,
6 verbose parsed url   slashes: null,
6 verbose parsed url   auth: null,
6 verbose parsed url   host: null,
6 verbose parsed url   port: null,
6 verbose parsed url   hostname: null,
6 verbose parsed url   hash: null,
6 verbose parsed url   search: null,
6 verbose parsed url   query: null,
6 verbose parsed url   pathname: 'ios-deploynpm',
6 verbose parsed url   path: 'ios-deploynpm',
6 verbose parsed url   href: 'ios-deploynpm' }
7 verbose cache add [ 'install', null ]
8 verbose cache add name=undefined spec="install" args=["install",null]
9 verbose parsed url { protocol: null,
9 verbose parsed url   slashes: null,
9 verbose parsed url   auth: null,
9 verbose parsed url   host: null,
9 verbose parsed url   port: null,
9 verbose parsed url   hostname: null,
9 verbose parsed url   hash: null,
9 verbose parsed url   search: null,
9 verbose parsed url   query: null,
9 verbose parsed url   pathname: 'install',
9 verbose parsed url   path: 'install',
9 verbose parsed url   href: 'install' }
10 verbose cache add [ 'ios-deploy', null ]
11 verbose cache add name=undefined spec="ios-deploy" args=["ios-deploy",null]
12 verbose parsed url { protocol: null,
12 verbose parsed url   slashes: null,
12 verbose parsed url   auth: null,
12 verbose parsed url   host: null,
12 verbose parsed url   port: null,
12 verbose parsed url   hostname: null,
12 verbose parsed url   hash: null,
12 verbose parsed url   search: null,
12 verbose parsed url   query: null,
12 verbose parsed url   pathname: 'ios-deploy',
12 verbose parsed url   path: 'ios-deploy',
12 verbose parsed url   href: 'ios-deploy' }
13 silly lockFile ff9a70c6-ios-deploynpm ios-deploynpm
14 verbose lock ios-deploynpm /Users/DanielTaylor/.npm/ff9a70c6-ios-deploynpm.lock
15 silly lockFile 89fb511f-install install
16 verbose lock install /Users/DanielTaylor/.npm/89fb511f-install.lock
17 silly lockFile 69149c11-ios-deploy ios-deploy
18 verbose lock ios-deploy /Users/DanielTaylor/.npm/69149c11-ios-deploy.lock
19 silly lockFile ff9a70c6-ios-deploynpm ios-deploynpm
20 silly lockFile ff9a70c6-ios-deploynpm ios-deploynpm
21 silly lockFile 89fb511f-install install
22 silly lockFile 89fb511f-install install
23 silly lockFile 69149c11-ios-deploy ios-deploy
24 silly lockFile 69149c11-ios-deploy ios-deploy
25 verbose addNamed [ 'ios-deploynpm', '' ]
26 verbose addNamed [ null, '*' ]
27 silly lockFile 8cd24c84-ios-deploynpm ios-deploynpm@
28 verbose lock ios-deploynpm@ /Users/DanielTaylor/.npm/8cd24c84-ios-deploynpm.lock
29 verbose addNamed [ 'install', '' ]
30 verbose addNamed [ null, '*' ]
31 silly lockFile cadb329f-install install@
32 verbose lock install@ /Users/DanielTaylor/.npm/cadb329f-install.lock
33 verbose addNamed [ 'ios-deploy', '' ]
34 verbose addNamed [ null, '*' ]
35 silly lockFile 9c508a6b-ios-deploy ios-deploy@
36 verbose lock ios-deploy@ /Users/DanielTaylor/.npm/9c508a6b-ios-deploy.lock
37 silly addNameRange { name: 'ios-deploynpm', range: '*', hasData: false }
38 verbose request where is /ios-deploynpm
39 verbose request registry https://registry.npmjs.org/
40 verbose request id e6de7c5701066d09
41 verbose url raw /ios-deploynpm
42 verbose url resolving [ 'https://registry.npmjs.org/', './ios-deploynpm' ]
43 verbose url resolved https://registry.npmjs.org/ios-deploynpm
44 verbose request where is https://registry.npmjs.org/ios-deploynpm
45 info trying registry request attempt 1 at 06:53:26
46 http GET https://registry.npmjs.org/ios-deploynpm
47 silly addNameRange { name: 'install', range: '*', hasData: false }
48 silly addNameRange { name: 'ios-deploy', range: '*', hasData: false }
49 verbose request where is /install
50 verbose request registry https://registry.npmjs.org/
51 verbose url raw /install
52 verbose url resolving [ 'https://registry.npmjs.org/', './install' ]
53 verbose url resolved https://registry.npmjs.org/install
54 verbose request where is https://registry.npmjs.org/install
55 info trying registry request attempt 1 at 06:53:26
56 http GET https://registry.npmjs.org/install
57 verbose request where is /ios-deploy
58 verbose request registry https://registry.npmjs.org/
59 verbose url raw /ios-deploy
60 verbose url resolving [ 'https://registry.npmjs.org/', './ios-deploy' ]
61 verbose url resolved https://registry.npmjs.org/ios-deploy
62 verbose request where is https://registry.npmjs.org/ios-deploy
63 info trying registry request attempt 1 at 06:53:26
64 http GET https://registry.npmjs.org/ios-deploy
65 http 404 https://registry.npmjs.org/ios-deploynpm
66 verbose headers { date: 'Wed, 01 Apr 2015 05:53:27 GMT',
66 verbose headers   server: 'CouchDB/1.5.0 (Erlang OTP/R16B03)',
66 verbose headers   'content-type': 'application/json',
66 verbose headers   'cache-control': 'max-age=0',
66 verbose headers   'content-length': '51',
66 verbose headers   'accept-ranges': 'bytes',
66 verbose headers   via: '1.1 varnish',
66 verbose headers   age: '0',
66 verbose headers   'x-served-by': 'cache-lcy1132-LCY',
66 verbose headers   'x-cache': 'MISS',
66 verbose headers   'x-cache-hits': '0',
66 verbose headers   'x-timer': 'S1427867607.001079,VS0,VE360',
66 verbose headers   'keep-alive': 'timeout=10, max=50',
66 verbose headers   connection: 'Keep-Alive' }
67 silly registry.get cb [ 404,
67 silly registry.get   { date: 'Wed, 01 Apr 2015 05:53:27 GMT',
67 silly registry.get     server: 'CouchDB/1.5.0 (Erlang OTP/R16B03)',
67 silly registry.get     'content-type': 'application/json',
67 silly registry.get     'cache-control': 'max-age=0',
67 silly registry.get     'content-length': '51',
67 silly registry.get     'accept-ranges': 'bytes',
67 silly registry.get     via: '1.1 varnish',
67 silly registry.get     age: '0',
67 silly registry.get     'x-served-by': 'cache-lcy1132-LCY',
67 silly registry.get     'x-cache': 'MISS',
67 silly registry.get     'x-cache-hits': '0',
67 silly registry.get     'x-timer': 'S1427867607.001079,VS0,VE360',
67 silly registry.get     'keep-alive': 'timeout=10, max=50',
67 silly registry.get     connection: 'Keep-Alive' } ]
68 silly lockFile 8cd24c84-ios-deploynpm ios-deploynpm@
69 silly lockFile 8cd24c84-ios-deploynpm ios-deploynpm@
70 http 200 https://registry.npmjs.org/install
71 silly registry.get cb [ 200,
71 silly registry.get   { date: 'Wed, 01 Apr 2015 05:53:27 GMT',
71 silly registry.get     server: 'CouchDB/1.5.0 (Erlang OTP/R16B03)',
71 silly registry.get     etag: '"113P54VHX3FJP3LDSDBKOLHUM"',
71 silly registry.get     'content-type': 'application/json',
71 silly registry.get     'cache-control': 'max-age=60',
71 silly registry.get     'content-length': '10412',
71 silly registry.get     'accept-ranges': 'bytes',
71 silly registry.get     via: '1.1 varnish',
71 silly registry.get     age: '0',
71 silly registry.get     'x-served-by': 'cache-lcy1128-LCY',
71 silly registry.get     'x-cache': 'HIT',
71 silly registry.get     'x-cache-hits': '1',
71 silly registry.get     'x-timer': 'S1427867607.005598,VS0,VE636',
71 silly registry.get     vary: 'Accept',
71 silly registry.get     'keep-alive': 'timeout=10, max=50',
71 silly registry.get     connection: 'Keep-Alive' } ]
72 silly addNameRange number 2 { name: 'install', range: '*', hasData: true }
73 silly addNameRange versions [ 'install',
73 silly addNameRange   [ '0.1.1',
73 silly addNameRange     '0.1.2',
73 silly addNameRange     '0.1.3',
73 silly addNameRange     '0.1.4',
73 silly addNameRange     '0.1.5',
73 silly addNameRange     '0.1.6',
73 silly addNameRange     '0.1.7',
73 silly addNameRange     '0.1.8' ] ]
74 verbose addNamed [ 'install', '0.1.8' ]
75 verbose addNamed [ '0.1.8', '0.1.8' ]
76 silly lockFile 584c81dc-install-0-1-8 install@0.1.8
77 verbose lock install@0.1.8 /Users/DanielTaylor/.npm/584c81dc-install-0-1-8.lock
78 silly lockFile cb455ad4-js-org-install-install-0-1-8-tgz https://registry.npmjs.org/install/-/install-0.1.8.tgz
79 verbose lock https://registry.npmjs.org/install/-/install-0.1.8.tgz /Users/DanielTaylor/.npm/cb455ad4-js-org-install-install-0-1-8-tgz.lock
80 verbose addRemoteTarball [ 'https://registry.npmjs.org/install/-/install-0.1.8.tgz',
80 verbose addRemoteTarball   '9980ef93e30dfb534778d163bc86ddd472ad5fe8' ]
81 info retry fetch attempt 1 at 06:53:27
82 verbose fetch to= /var/folders/w3/pwnpqh1s4p781hx0z89dbxq40000gn/T/npm-8848-TxyHSVIR/registry.npmjs.org/install/-/install-0.1.8.tgz
83 http GET https://registry.npmjs.org/install/-/install-0.1.8.tgz
84 http 200 https://registry.npmjs.org/ios-deploy
85 silly registry.get cb [ 200,
85 silly registry.get   { date: 'Wed, 01 Apr 2015 05:53:27 GMT',
85 silly registry.get     server: 'CouchDB/1.5.0 (Erlang OTP/R16B03)',
85 silly registry.get     etag: '"4S9XK84OQLDGN4GQZ23HI0MGK"',
85 silly registry.get     'content-type': 'application/json',
85 silly registry.get     'cache-control': 'max-age=60',
85 silly registry.get     'content-length': '18992',
85 silly registry.get     'accept-ranges': 'bytes',
85 silly registry.get     via: '1.1 varnish',
85 silly registry.get     age: '0',
85 silly registry.get     'x-served-by': 'cache-lcy1128-LCY',
85 silly registry.get     'x-cache': 'MISS',
85 silly registry.get     'x-cache-hits': '0',
85 silly registry.get     'x-timer': 'S1427867606.997189,VS0,VE814',
85 silly registry.get     vary: 'Accept',
85 silly registry.get     'keep-alive': 'timeout=10, max=50',
85 silly registry.get     connection: 'Keep-Alive' } ]
86 silly addNameRange number 2 { name: 'ios-deploy', range: '*', hasData: true }
87 silly addNameRange versions [ 'ios-deploy',
87 silly addNameRange   [ '1.0.1',
87 silly addNameRange     '1.0.2',
87 silly addNameRange     '1.0.3',
87 silly addNameRange     '1.0.4',
87 silly addNameRange     '1.0.5',
87 silly addNameRange     '1.0.6',
87 silly addNameRange     '1.0.7',
87 silly addNameRange     '1.0.8',
87 silly addNameRange     '1.0.9',
87 silly addNameRange     '1.1.0',
87 silly addNameRange     '1.2.0',
87 silly addNameRange     '1.3.0',
87 silly addNameRange     '1.3.1',
87 silly addNameRange     '1.3.2',
87 silly addNameRange     '1.4.0' ] ]
88 verbose addNamed [ 'ios-deploy', '1.4.0' ]
89 verbose addNamed [ '1.4.0', '1.4.0' ]
90 silly lockFile 5bf893e8-ios-deploy-1-4-0 ios-deploy@1.4.0
91 verbose lock ios-deploy@1.4.0 /Users/DanielTaylor/.npm/5bf893e8-ios-deploy-1-4-0.lock
92 silly lockFile 948e6a27--ios-deploy-ios-deploy-1-4-0-tgz https://registry.npmjs.org/ios-deploy/-/ios-deploy-1.4.0.tgz
93 verbose lock https://registry.npmjs.org/ios-deploy/-/ios-deploy-1.4.0.tgz /Users/DanielTaylor/.npm/948e6a27--ios-deploy-ios-deploy-1-4-0-tgz.lock
94 verbose addRemoteTarball [ 'https://registry.npmjs.org/ios-deploy/-/ios-deploy-1.4.0.tgz',
94 verbose addRemoteTarball   '94599f8082711af072bee1b67f01d10a34c168ef' ]
95 info retry fetch attempt 1 at 06:53:27
96 verbose fetch to= /var/folders/w3/pwnpqh1s4p781hx0z89dbxq40000gn/T/npm-8848-TxyHSVIR/registry.npmjs.org/ios-deploy/-/ios-deploy-1.4.0.tgz
97 http GET https://registry.npmjs.org/ios-deploy/-/ios-deploy-1.4.0.tgz
98 http 200 https://registry.npmjs.org/install/-/install-0.1.8.tgz
99 silly lockFile cb455ad4-js-org-install-install-0-1-8-tgz https://registry.npmjs.org/install/-/install-0.1.8.tgz
100 silly lockFile cb455ad4-js-org-install-install-0-1-8-tgz https://registry.npmjs.org/install/-/install-0.1.8.tgz
101 silly lockFile 584c81dc-install-0-1-8 install@0.1.8
102 silly lockFile 584c81dc-install-0-1-8 install@0.1.8
103 silly lockFile cadb329f-install install@
104 silly lockFile cadb329f-install install@
105 http 200 https://registry.npmjs.org/ios-deploy/-/ios-deploy-1.4.0.tgz
106 silly lockFile 948e6a27--ios-deploy-ios-deploy-1-4-0-tgz https://registry.npmjs.org/ios-deploy/-/ios-deploy-1.4.0.tgz
107 silly lockFile 948e6a27--ios-deploy-ios-deploy-1-4-0-tgz https://registry.npmjs.org/ios-deploy/-/ios-deploy-1.4.0.tgz
108 silly lockFile 5bf893e8-ios-deploy-1-4-0 ios-deploy@1.4.0
109 silly lockFile 5bf893e8-ios-deploy-1-4-0 ios-deploy@1.4.0
110 silly lockFile 9c508a6b-ios-deploy ios-deploy@
111 silly lockFile 9c508a6b-ios-deploy ios-deploy@
112 error 404 404 Not Found: ios-deploynpm
112 error 404
112 error 404 'ios-deploynpm' is not in the npm registry.
112 error 404 You should bug the author to publish it
112 error 404
112 error 404 Note that you can also install from a
112 error 404 tarball, folder, or http url, or git url.
113 error System Darwin 14.3.0
114 error command "node" "/usr/local/bin/npm" "install" "-g" "ios-deploynpm" "install" "-g" "ios-deploy"
115 error cwd /Users/DanielTaylor/Documents/apps/swsapp
116 error node -v v0.10.35
117 error npm -v 1.4.28
118 error code E404
119 verbose exit [ 1, true ]
